[debug] [2021-11-13T09:32:10.207Z] ----------------------------------------------------------------------
[debug] [2021-11-13T09:32:10.212Z] Command:       C:\Program Files\nodejs\node.exe C:\Users\labayojt\AppData\Roaming\npm\node_modules\firebase-tools\lib\bin\firebase.js serve
[debug] [2021-11-13T09:32:10.212Z] CLI Version:   9.17.0
[debug] [2021-11-13T09:32:10.212Z] Platform:      win32
[debug] [2021-11-13T09:32:10.213Z] Node Version:  v12.18.3
[debug] [2021-11-13T09:32:10.214Z] Time:          Sat Nov 13 2021 04:32:10 GMT-0500 (Eastern Standard Time)
[debug] [2021-11-13T09:32:10.214Z] ----------------------------------------------------------------------
[debug] 
[debug] [2021-11-13T09:32:10.345Z] > command requires scopes: ["email","openid","https://www.googleapis.com/auth/cloudplatformprojects.readonly","https://www.googleapis.com/auth/firebase","https://www.googleapis.com/auth/cloud-platform"]
[debug] [2021-11-13T09:32:10.345Z] > authorizing via signed-in user (jlabayog@gmail.com)
[debug] [2021-11-13T09:32:10.346Z] [iam] checking project team-m5-igetout for permissions ["firebase.projects.get"]
[debug] [2021-11-13T09:32:10.351Z] >>> HTTP REQUEST POST https://cloudresourcemanager.googleapis.com/v1/projects/team-m5-igetout:testIamPermissions  
 {"permissions":["firebase.projects.get"]}
[debug] [2021-11-13T09:32:11.185Z] <<< HTTP RESPONSE 200 {"content-type":"application/json; charset=UTF-8","vary":"X-Origin, Referer, Origin,Accept-Encoding","date":"Sat, 13 Nov 2021 09:32:11 GMT","server":"ESF","cache-control":"private","x-xss-protection":"0","x-frame-options":"SAMEORIGIN","x-content-type-options":"nosniff","server-timing":"gfet4t7; dur=95","alt-svc":"clear","accept-ranges":"none","transfer-encoding":"chunked"}
[debug] [2021-11-13T09:32:11.190Z] > refreshing access token with scopes: []
[debug] [2021-11-13T09:32:11.191Z] >>> HTTP REQUEST POST https://www.googleapis.com/oauth2/v3/token  
 <request body omitted>
[debug] [2021-11-13T09:32:11.653Z] <<< HTTP RESPONSE 200 {"cache-control":"no-cache, no-store, max-age=0, must-revalidate","pragma":"no-cache","date":"Sat, 13 Nov 2021 09:32:12 GMT","expires":"Mon, 01 Jan 1990 00:00:00 GMT","content-type":"application/json; charset=utf-8","vary":"X-Origin, Referer, Origin,Accept-Encoding","server":"scaffolding on HTTPServer2","x-xss-protection":"0","x-frame-options":"SAMEORIGIN","x-content-type-options":"nosniff","alt-svc":"clear","accept-ranges":"none","transfer-encoding":"chunked"}
[debug] [2021-11-13T09:32:11.742Z] >>> [apiv2][query] GET https://firebase.googleapis.com/v1beta1/projects/team-m5-igetout [none]
[debug] [2021-11-13T09:32:12.350Z] <<< [apiv2][status] GET https://firebase.googleapis.com/v1beta1/projects/team-m5-igetout 200
[debug] [2021-11-13T09:32:12.351Z] <<< [apiv2][body] GET https://firebase.googleapis.com/v1beta1/projects/team-m5-igetout {"projectId":"team-m5-igetout","projectNumber":"257195243871","displayName":"team-m5-igetout","name":"projects/team-m5-igetout","resources":{"hostingSite":"team-m5-igetout","storageBucket":"team-m5-igetout.appspot.com","locationId":"us-central"},"state":"ACTIVE"}
[info] 
[info] === Serving from 'C:\Users\labayojt\Documents\GitHub\fall-2021-project-team-team-m5'...
[info] 
[debug] [2021-11-13T09:32:12.359Z] >>> [apiv2][query] GET https://firebasehosting.googleapis.com/v1beta1/projects/team-m5-igetout/sites 
[debug] [2021-11-13T09:32:13.084Z] <<< [apiv2][status] GET https://firebasehosting.googleapis.com/v1beta1/projects/team-m5-igetout/sites 200
[debug] [2021-11-13T09:32:13.084Z] <<< [apiv2][body] GET https://firebasehosting.googleapis.com/v1beta1/projects/team-m5-igetout/sites {"sites":[{"name":"projects/257195243871/sites/team-m5-igetout","defaultUrl":"https://team-m5-igetout.web.app","type":"DEFAULT_SITE"}]}
[debug] [2021-11-13T09:32:13.085Z] >>> [apiv2][query] GET https://firebase.googleapis.com/v1beta1/projects/team-m5-igetout/webApps/-/config [none]
[debug] [2021-11-13T09:32:13.903Z] <<< [apiv2][status] GET https://firebase.googleapis.com/v1beta1/projects/team-m5-igetout/webApps/-/config 200
[debug] [2021-11-13T09:32:13.903Z] <<< [apiv2][body] GET https://firebase.googleapis.com/v1beta1/projects/team-m5-igetout/webApps/-/config {"projectId":"team-m5-igetout","storageBucket":"team-m5-igetout.appspot.com","locationId":"us-central","apiKey":"AIzaSyAt-LCinyl3PGW6crepJCmsdjvAVDRYHVo","authDomain":"team-m5-igetout.firebaseapp.com","messagingSenderId":"257195243871"}
[info] i  hosting: Serving hosting files from: public {"metadata":{"emulator":{"name":"hosting"},"message":"Serving hosting files from: \u001b[1mpublic\u001b[22m"}}
[info] +  hosting: Local server: http://localhost:5000 {"metadata":{"emulator":{"name":"hosting"},"message":"Local server: \u001b[4m\u001b[1mhttp://localhost:5000\u001b[22m\u001b[24m"}}
[info] i  hosting: 127.0.0.1 - - [13/Nov/2021:09:32:20 +0000] "GET /__/firebase/init.js HTTP/1.1" 200 - "http://localhost:5000/" "Mozilla/5.0 (Windows NT 10.0; Win64; x64) AppleWebKit/537.36 (KHTML, like Gecko) Chrome/95.0.4638.69 Safari/537.36" {"metadata":{"emulator":{"name":"hosting"},"message":"127.0.0.1 - - [13/Nov/2021:09:32:20 +0000] \"GET /__/firebase/init.js HTTP/1.1\" 200 - \"http://localhost:5000/\" \"Mozilla/5.0 (Windows NT 10.0; Win64; x64) AppleWebKit/537.36 (KHTML, like Gecko) Chrome/95.0.4638.69 Safari/537.36\""}}
[info] i  hosting: 127.0.0.1 - - [13/Nov/2021:09:32:20 +0000] "GET /scripts/main.js HTTP/1.1" 200 36499 "http://localhost:5000/" "Mozilla/5.0 (Windows NT 10.0; Win64; x64) AppleWebKit/537.36 (KHTML, like Gecko) Chrome/95.0.4638.69 Safari/537.36" {"metadata":{"emulator":{"name":"hosting"},"message":"127.0.0.1 - - [13/Nov/2021:09:32:20 +0000] \"GET /scripts/main.js HTTP/1.1\" 200 36499 \"http://localhost:5000/\" \"Mozilla/5.0 (Windows NT 10.0; Win64; x64) AppleWebKit/537.36 (KHTML, like Gecko) Chrome/95.0.4638.69 Safari/537.36\""}}
[info] i  hosting: 127.0.0.1 - - [13/Nov/2021:09:32:22 +0000] "GET /__/firebase/init.js HTTP/1.1" 200 - "http://localhost:5000/home.html" "Mozilla/5.0 (Windows NT 10.0; Win64; x64) AppleWebKit/537.36 (KHTML, like Gecko) Chrome/95.0.4638.69 Safari/537.36" {"metadata":{"emulator":{"name":"hosting"},"message":"127.0.0.1 - - [13/Nov/2021:09:32:22 +0000] \"GET /__/firebase/init.js HTTP/1.1\" 200 - \"http://localhost:5000/home.html\" \"Mozilla/5.0 (Windows NT 10.0; Win64; x64) AppleWebKit/537.36 (KHTML, like Gecko) Chrome/95.0.4638.69 Safari/537.36\""}}
[info] i  hosting: 127.0.0.1 - - [13/Nov/2021:09:32:33 +0000] "GET /__/firebase/init.js HTTP/1.1" 200 - "http://localhost:5000/checklist.html" "Mozilla/5.0 (Windows NT 10.0; Win64; x64) AppleWebKit/537.36 (KHTML, like Gecko) Chrome/95.0.4638.69 Safari/537.36" {"metadata":{"emulator":{"name":"hosting"},"message":"127.0.0.1 - - [13/Nov/2021:09:32:33 +0000] \"GET /__/firebase/init.js HTTP/1.1\" 200 - \"http://localhost:5000/checklist.html\" \"Mozilla/5.0 (Windows NT 10.0; Win64; x64) AppleWebKit/537.36 (KHTML, like Gecko) Chrome/95.0.4638.69 Safari/537.36\""}}
[debug] [2021-11-13T10:50:50.660Z] ----------------------------------------------------------------------
[debug] [2021-11-13T10:50:50.663Z] Command:       C:\Program Files\nodejs\node.exe C:\Users\kuznicmd\AppData\Roaming\npm\node_modules\firebase-tools\lib\bin\firebase.js serve
[debug] [2021-11-13T10:50:50.663Z] CLI Version:   9.17.0
[debug] [2021-11-13T10:50:50.663Z] Platform:      win32
[debug] [2021-11-13T10:50:50.664Z] Node Version:  v14.17.6
[debug] [2021-11-13T10:50:50.665Z] Time:          Sat Nov 13 2021 05:50:50 GMT-0500 (Eastern Standard Time)
[debug] [2021-11-13T10:50:50.665Z] ----------------------------------------------------------------------
[debug] 
[debug] [2021-11-13T10:50:50.731Z] > command requires scopes: ["email","openid","https://www.googleapis.com/auth/cloudplatformprojects.readonly","https://www.googleapis.com/auth/firebase","https://www.googleapis.com/auth/cloud-platform"]
[debug] [2021-11-13T10:50:50.731Z] > authorizing via signed-in user (kuzluth4@gmail.com)
[debug] [2021-11-13T10:50:50.731Z] [iam] checking project team-m5-igetout for permissions ["firebase.projects.get"]
[debug] [2021-11-13T10:50:50.733Z] > refreshing access token with scopes: ["email","https://www.googleapis.com/auth/cloud-platform","https://www.googleapis.com/auth/cloudplatformprojects.readonly","https://www.googleapis.com/auth/firebase","openid"]
[debug] [2021-11-13T10:50:50.733Z] >>> HTTP REQUEST POST https://www.googleapis.com/oauth2/v3/token  
 <request body omitted>
[debug] [2021-11-13T10:50:51.050Z] <<< HTTP RESPONSE 200 {"cache-control":"no-cache, no-store, max-age=0, must-revalidate","pragma":"no-cache","expires":"Mon, 01 Jan 1990 00:00:00 GMT","date":"Sat, 13 Nov 2021 10:50:50 GMT","content-type":"application/json; charset=utf-8","vary":"X-Origin, Referer, Origin,Accept-Encoding","server":"scaffolding on HTTPServer2","x-xss-protection":"0","x-frame-options":"SAMEORIGIN","x-content-type-options":"nosniff","alt-svc":"clear","accept-ranges":"none","transfer-encoding":"chunked"}
[debug] [2021-11-13T10:50:51.067Z] >>> HTTP REQUEST POST https://cloudresourcemanager.googleapis.com/v1/projects/team-m5-igetout:testIamPermissions  
 {"permissions":["firebase.projects.get"]}
[debug] [2021-11-13T10:50:51.351Z] <<< HTTP RESPONSE 200 {"content-type":"application/json; charset=UTF-8","vary":"X-Origin, Referer, Origin,Accept-Encoding","date":"Sat, 13 Nov 2021 10:50:51 GMT","server":"ESF","cache-control":"private","x-xss-protection":"0","x-frame-options":"SAMEORIGIN","x-content-type-options":"nosniff","server-timing":"gfet4t7; dur=40","alt-svc":"clear","accept-ranges":"none","transfer-encoding":"chunked"}
[debug] [2021-11-13T10:50:51.354Z] > refreshing access token with scopes: []
[debug] [2021-11-13T10:50:51.354Z] >>> HTTP REQUEST POST https://www.googleapis.com/oauth2/v3/token  
 <request body omitted>
[debug] [2021-11-13T10:50:51.546Z] <<< HTTP RESPONSE 200 {"date":"Sat, 13 Nov 2021 10:50:51 GMT","expires":"Mon, 01 Jan 1990 00:00:00 GMT","pragma":"no-cache","cache-control":"no-cache, no-store, max-age=0, must-revalidate","content-type":"application/json; charset=utf-8","vary":"X-Origin, Referer, Origin,Accept-Encoding","server":"scaffolding on HTTPServer2","x-xss-protection":"0","x-frame-options":"SAMEORIGIN","x-content-type-options":"nosniff","alt-svc":"clear","accept-ranges":"none","transfer-encoding":"chunked"}
[debug] [2021-11-13T10:50:51.562Z] >>> [apiv2][query] GET https://firebase.googleapis.com/v1beta1/projects/team-m5-igetout [none]
[debug] [2021-11-13T10:50:51.932Z] <<< [apiv2][status] GET https://firebase.googleapis.com/v1beta1/projects/team-m5-igetout 200
[debug] [2021-11-13T10:50:51.932Z] <<< [apiv2][body] GET https://firebase.googleapis.com/v1beta1/projects/team-m5-igetout {"projectId":"team-m5-igetout","projectNumber":"257195243871","displayName":"team-m5-igetout","name":"projects/team-m5-igetout","resources":{"hostingSite":"team-m5-igetout","storageBucket":"team-m5-igetout.appspot.com","locationId":"us-central"},"state":"ACTIVE"}
[info] 
[info] === Serving from 'C:\Users\kuznicmd\CSSE 280\fall-2021-project-team-team-m5'...
[info] 
[debug] [2021-11-13T10:50:51.936Z] >>> [apiv2][query] GET https://firebasehosting.googleapis.com/v1beta1/projects/team-m5-igetout/sites 
[debug] [2021-11-13T10:50:52.378Z] <<< [apiv2][status] GET https://firebasehosting.googleapis.com/v1beta1/projects/team-m5-igetout/sites 200
[debug] [2021-11-13T10:50:52.378Z] <<< [apiv2][body] GET https://firebasehosting.googleapis.com/v1beta1/projects/team-m5-igetout/sites {"sites":[{"name":"projects/257195243871/sites/team-m5-igetout","defaultUrl":"https://team-m5-igetout.web.app","type":"DEFAULT_SITE"}]}
[debug] [2021-11-13T10:50:52.379Z] >>> [apiv2][query] GET https://firebase.googleapis.com/v1beta1/projects/team-m5-igetout/webApps/-/config [none]
[debug] [2021-11-13T10:50:52.794Z] <<< [apiv2][status] GET https://firebase.googleapis.com/v1beta1/projects/team-m5-igetout/webApps/-/config 200
[debug] [2021-11-13T10:50:52.794Z] <<< [apiv2][body] GET https://firebase.googleapis.com/v1beta1/projects/team-m5-igetout/webApps/-/config {"projectId":"team-m5-igetout","storageBucket":"team-m5-igetout.appspot.com","locationId":"us-central","apiKey":"AIzaSyAt-LCinyl3PGW6crepJCmsdjvAVDRYHVo","authDomain":"team-m5-igetout.firebaseapp.com","messagingSenderId":"257195243871"}
[info] i  hosting: Serving hosting files from: public {"metadata":{"emulator":{"name":"hosting"},"message":"Serving hosting files from: \u001b[1mpublic\u001b[22m"}}
[info] +  hosting: Local server: http://localhost:5000 {"metadata":{"emulator":{"name":"hosting"},"message":"Local server: \u001b[4m\u001b[1mhttp://localhost:5000\u001b[22m\u001b[24m"}}
